(---------------------------------------------------------------------)
(                                                                     )
(    Allegro Netrev Import Logic                                      )
(                                                                     )
(    Drawing          : PROIECT1_PACT_DIMA_DARIA_ELENA.brd            )
(    Software Version : 17.2S025                                      )
(    Date/Time        : Sat Jan 13 12:17:35 2024                      )
(                                                                     )
(---------------------------------------------------------------------)


------ Directives ------------

Ripup etch:                  No
Ripup delete first segment:  No
Ripup retain bondwire:       No
Ripup symbols:               Always
Missing symbol has error:    No
DRC update:                  Yes
Schematic directory:         'C:\USERS\DARIA\ONEDRIVE\DESKTOP\P1_PACT_DIMA_DARIA_ELENA_432A\allegro'
Design Directory:            'C:/USERS/DARIA/ONEDRIVE/DESKTOP/P1_PACT_DIMA_DARIA_ELENA_432A/allegro'
Old design name:             'C:/USERS/DARIA/ONEDRIVE/DESKTOP/P1_PACT_DIMA_DARIA_ELENA_432A/allegro/PROIECT1_PACT_DIMA_DARIA_ELENA.brd'
New design name:             'C:/USERS/DARIA/ONEDRIVE/DESKTOP/P1_PACT_DIMA_DARIA_ELENA_432A/allegro/PROIECT1_PACT_DIMA_DARIA_ELENA.brd'

CmdLine: netrev.exe -y 1 -n -i C:\USERS\DARIA\ONEDRIVE\DESKTOP\P1_PACT_DIMA_DARIA_ELENA_432A\allegro C:\USERS\DARIA\ONEDRIVE\DESKTOP\P1_PACT_DIMA_DARIA_ELENA_432A\allegro\PROIECT1_PACT_DIMA_DARIA_ELENA.brd C:\USERS\DARIA\ONEDRIVE\DESKTOP\P1_PACT_DIMA_DARIA_ELENA_432A\allegro\PROIECT1_PACT_DIMA_DARIA_ELENA.brd

------ Preparing to read pst files ------

Starting to read C:/USERS/DARIA/ONEDRIVE/DESKTOP/P1_PACT_DIMA_DARIA_ELENA_432A/allegro/pstchip.dat 
   Finished reading C:/USERS/DARIA/ONEDRIVE/DESKTOP/P1_PACT_DIMA_DARIA_ELENA_432A/allegro/pstchip.dat (00:00:00.06)
Starting to read C:/USERS/DARIA/ONEDRIVE/DESKTOP/P1_PACT_DIMA_DARIA_ELENA_432A/allegro/pstxprt.dat 
   Finished reading C:/USERS/DARIA/ONEDRIVE/DESKTOP/P1_PACT_DIMA_DARIA_ELENA_432A/allegro/pstxprt.dat (00:00:00.00)
Starting to read C:/USERS/DARIA/ONEDRIVE/DESKTOP/P1_PACT_DIMA_DARIA_ELENA_432A/allegro/pstxnet.dat 
   Finished reading C:/USERS/DARIA/ONEDRIVE/DESKTOP/P1_PACT_DIMA_DARIA_ELENA_432A/allegro/pstxnet.dat (00:00:00.00)

------ Oversights/Warnings/Errors ------


------ Library Paths ------
MODULEPATH =  . 
           C:/Cadence/SPB_17.2/share/local/pcb/modules 

PSMPATH =  . 
           symbols 
           .. 
           ../symbols 
           C:/Cadence/SPB_17.2/share/local/pcb/symbols 
           C:/Cadence/SPB_17.2/share/pcb/pcb_lib/symbols 
           C:/Cadence/SPB_17.2/share/pcb/allegrolib/symbols 

PADPATH =  . 
           symbols 
           .. 
           ../symbols 
           C:/Cadence/SPB_17.2/share/local/pcb/padstacks 
           C:/Cadence/SPB_17.2/share/pcb/pcb_lib/symbols 
           C:/Cadence/SPB_17.2/share/pcb/allegrolib/symbols 


------ Summary Statistics ------


netrev run on Jan 13 12:17:35 2024
   DESIGN NAME : 'PROIECT1_PACT_DIMA_DARIA_ELENA'
   PACKAGING ON Jul 30 2017 03:29:02

   COMPILE 'logic'
   CHECK_PIN_NAMES OFF
   CROSS_REFERENCE OFF
   FEEDBACK OFF
   INCREMENTAL OFF
   INTERFACE_TYPE PHYSICAL
   MAX_ERRORS 500
   MERGE_MINIMUM 5
   NET_NAME_CHARS '#%&()*+-./:=>?@[]^_`|'
   NET_NAME_LENGTH 24
   OVERSIGHTS ON
   REPLACE_CHECK OFF
   SINGLE_NODE_NETS ON
   SPLIT_MINIMUM 0
   SUPPRESS   20
   WARNINGS ON

 No error detected
 No oversight detected
 No warning detected

cpu time      0:01:23
elapsed time  0:00:00

